- 连接成功打印

[INFO] 19:37.455 Reachability - subscribing to reachability in React Native
event, data storageSubscribed undefined
event, data storageSubscribed undefined
[INFO] 19:37.467 Reachability - Notifying reachability change true
event, data networkStatus {"active":true}
User has a network connection: true
event, data networkStatus {"active":true}
User has a network connection: true
event, data outboxStatus {"isEmpty":true}
event, data outboxStatus {"isEmpty":true}
user User {
  "_deleted": null,
  "_lastChangedAt": 1656408544518,
  "_version": 1,
  "createdAt": "2022-06-28T09:29:04.516Z",
  "id": "c2f63c7b-e25f-4c06-a343-e5c6dcca2aa5",
  "imageUri": "https://notjustdev-dummy.s3.us-east-2.amazonaws.com/avatars/4.jpg",
  "name": "Mary",
  "status": null,
  "updatedAt": "2022-06-28T09:29:04.516Z",
}
user User {
  "_deleted": null,
  "_lastChangedAt": 1656408520524,
  "_version": 1,
  "createdAt": "2022-06-28T09:28:40.522Z",
  "id": "c009372f-cf56-46b5-b391-7fccc15bae07",
  "imageUri": "https://notjustdev-dummy.s3.us-east-2.amazonaws.com/avatars/2.jpg",
  "name": "lili",
  "status": null,
  "updatedAt": "2022-06-28T09:28:40.522Z",
}
event, data subscriptionsEstablished undefined
event, data subscriptionsEstablished undefined
event, data syncQueriesStarted {"models":["Message","ChatRoom","User","ChatRoomUser"]}
event, data syncQueriesStarted {"models":["Message","ChatRoom","User","ChatRoomUser"]}
event, data modelSynced {"isFullSync":false,"isDeltaSync":true,"counts":{"new":0,"updated":0,"deleted":0}}   
event, data modelSynced {"isFullSync":false,"isDeltaSync":true,"counts":{"new":0,"updated":0,"deleted":0}}   
event, data modelSynced {"isFullSync":false,"isDeltaSync":true,"counts":{"new":0,"updated":0,"deleted":0}}   
event, data modelSynced {"isFullSync":false,"isDeltaSync":true,"counts":{"new":0,"updated":0,"deleted":0}} 